
[Incubating] Problems report is available at: file:///C:/Users/k0803/Projects/Timekeeper/build/reports/problems/problems-report.html
FAILURE: Build failed with an exception.

* What went wrong:
Task '.testInstrumentationRunnerArguments.class=com.example.timekeeper.DeviceIdManagerTest' not found in root project 'Timekeeper' and its subprojects.

* Try:
> Run gradlew tasks to get a list of available tasks.
> For more on name expansion, please refer to https://docs.gradle.org/8.11.1/userguide/command_line_interface.html#sec:name_abbreviation in the Gradle documentation.
> Run with --stacktrace option to get the stack trace.
> Run with --info or --debug option to get more log output.
> Run with --scan to get full insights.
> Get more help at https://help.gradle.org.

BUILD FAILED in 13s
